<?xml version="1.0" encoding="UTF-8"?>
<!-- Generated by org.testng.reporters.JUnitXMLReporter -->
<testsuite ignored="2" hostname="APT04-1DKF7G3" failures="0" tests="1" name="Car loan" time="0.035" errors="0" timestamp="2024-03-17T15:13:41 IST">
  <testcase classname="FrameworkDay1.Day3" name="LoginAPIcarLoan" time="0.006"/>
  <testcase classname="FrameworkDay1.Day3" name="MobileLogincarLoan" time="0.0">
    <ignored/>
  </testcase> <!-- MobileLogincarLoan -->
  <testcase classname="FrameworkDay1.Day3" name="weblogincarloan" time="0.0">
    <ignored/>
  </testcase> <!-- weblogincarloan -->
</testsuite> <!-- Car loan -->
