<?xml version="1.0" encoding="UTF-8"?>
<!-- Generated by org.testng.reporters.JUnitXMLReporter -->
<testsuite ignored="2" hostname="APT04-1DKF7G3" failures="0" tests="4" name="Home loan" time="0.043" errors="0" timestamp="2024-03-17T15:13:41 IST">
  <testcase classname="FrameworkDay1.Day4" name="MobileLoginHomeLoan" time="0.005"/>
  <testcase classname="FrameworkDay1.Day4" name="MobileLoginHomeLoan" time="0.001"/>
  <testcase classname="FrameworkDay1.Day4" name="MobileLoginHomeLoan" time="0.001"/>
  <testcase classname="FrameworkDay1.Day4" name="Mobilelogin" time="0.003"/>
  <testcase classname="FrameworkDay1.Day4" name="webloginHomeloan" time="0.0">
    <ignored/>
  </testcase> <!-- webloginHomeloan -->
  <testcase classname="FrameworkDay1.Day4" name="LoginAPIHomeLoan" time="0.0">
    <ignored/>
  </testcase> <!-- LoginAPIHomeLoan -->
</testsuite> <!-- Home loan -->
