<?xml version="1.0" encoding="UTF-8"?>
<testng-results ignored="0" total="1" passed="1" failed="0" skipped="0">
  <reporter-output>
  </reporter-output>
  <suite started-at="2024-03-18T21:23:00 IST" name="Default suite" finished-at="2024-03-18T21:23:00 IST" duration-ms="44">
    <groups>
    </groups>
    <test started-at="2024-03-18T21:23:00 IST" name="Default test" finished-at="2024-03-18T21:23:00 IST" duration-ms="44">
      <class name="FrameworkDay1.inheritancePS1">
        <test-method is-config="true" signature="beforerun()[pri:0, instance:FrameworkDay1.inheritancePS1@1d119efb]" started-at="2024-03-18T21:23:00 IST" name="beforerun" finished-at="2024-03-18T21:23:00 IST" duration-ms="4" status="PASS">
          <reporter-output>
          </reporter-output>
        </test-method> <!-- beforerun -->
        <test-method signature="testrun()[pri:0, instance:FrameworkDay1.inheritancePS1@1d119efb]" started-at="2024-03-18T21:23:00 IST" name="testrun" finished-at="2024-03-18T21:23:00 IST" duration-ms="8" status="PASS">
          <reporter-output>
          </reporter-output>
        </test-method> <!-- testrun -->
        <test-method is-config="true" signature="Afterrun()[pri:0, instance:FrameworkDay1.inheritancePS1@1d119efb]" started-at="2024-03-18T21:23:00 IST" name="Afterrun" finished-at="2024-03-18T21:23:00 IST" duration-ms="0" status="PASS">
          <reporter-output>
          </reporter-output>
        </test-method> <!-- Afterrun -->
      </class> <!-- FrameworkDay1.inheritancePS1 -->
    </test> <!-- Default test -->
  </suite> <!-- Default suite -->
</testng-results>
